<?xml version="1.0" encoding="UTF-8"?>
<testng-results ignored="0" total="1" passed="1" failed="0" skipped="0">
  <reporter-output>
  </reporter-output>
  <suite started-at="2022-03-15T08:08:03 IST" name="Default suite" finished-at="2022-03-15T08:08:03 IST" duration-ms="43">
    <groups>
    </groups>
    <test started-at="2022-03-15T08:08:03 IST" name="Default test" finished-at="2022-03-15T08:08:03 IST" duration-ms="43">
      <class name="demoGittt.Samgit">
        <test-method signature="demo()[pri:0, instance:demoGittt.Samgit@59af0466]" started-at="2022-03-15T08:08:03 IST" name="demo" finished-at="2022-03-15T08:08:03 IST" duration-ms="6" status="PASS">
          <reporter-output>
          </reporter-output>
        </test-method> <!-- demo -->
      </class> <!-- demoGittt.Samgit -->
    </test> <!-- Default test -->
  </suite> <!-- Default suite -->
</testng-results>
