<?xml version="1.0" encoding="UTF-8"?>
<testng-results skipped="0" failed="0" ignored="0" total="1" passed="1">
  <reporter-output>
  </reporter-output>
  <suite name="Default suite" duration-ms="172" started-at="2022-03-13T14:23:52Z" finished-at="2022-03-13T14:23:52Z">
    <groups>
    </groups>
    <test name="Default test" duration-ms="172" started-at="2022-03-13T14:23:52Z" finished-at="2022-03-13T14:23:52Z">
      <class name="demoGittt.Demoo">
        <test-method status="PASS" signature="demo()[pri:0, instance:demoGittt.Demoo@5034c75a]" name="demo" duration-ms="41" started-at="2022-03-13T14:23:52Z" finished-at="2022-03-13T14:23:52Z">
          <reporter-output>
          </reporter-output>
        </test-method> <!-- demo -->
      </class> <!-- demoGittt.Demoo -->
    </test> <!-- Default test -->
  </suite> <!-- Default suite -->
</testng-results>
